iperf3: error - unable to start listener for connections: Address already in use
iperf3: exiting
iperf3: the client has terminated
-----------------------------------------------------------
Server listening on 5201 (test #1)
-----------------------------------------------------------
Accepted connection from 127.0.0.1, port 60878
[  5] local 127.0.0.1 port 5201 connected to 127.0.0.1 port 60882
[ ID] Interval           Transfer     Bitrate
[  5]   0.00-1.00   sec   798 MBytes  6.67 Gbits/sec                  
[  5]   1.00-2.00   sec   780 MBytes  6.55 Gbits/sec                  
[  5]   2.00-3.00   sec   820 MBytes  6.88 Gbits/sec                  
[  5]   3.00-4.00   sec   801 MBytes  6.72 Gbits/sec                  
[  5]   4.00-5.00   sec   800 MBytes  6.71 Gbits/sec                  
[  5]   5.00-6.00   sec   802 MBytes  6.72 Gbits/sec                  
[  5]   6.00-7.00   sec   827 MBytes  6.94 Gbits/sec                  
[  5]   7.00-8.00   sec   780 MBytes  6.53 Gbits/sec                  
[  5]   8.00-9.00   sec   662 MBytes  5.57 Gbits/sec                  
[  5]   9.00-10.00  sec   783 MBytes  6.57 Gbits/sec                  
[  5]   9.00-10.00  sec   783 MBytes  6.57 Gbits/sec                  
- - - - - - - - - - - - - - - - - - - - - - - - -
[ ID] Interval           Transfer     Bitrate
[  5]   0.00-10.00  sec  7.89 GBytes  6.78 Gbits/sec                  receiver
iperf3: interrupt - the server has terminated
-----------------------------------------------------------
Server listening on 5201 (test #2)
-----------------------------------------------------------
